0 info it worked if it ends with ok
1 verbose cli [ '/usr/local/Cellar/node/5.7.0/bin/node',
1 verbose cli   '/usr/local/bin/npm',
1 verbose cli   'version',
1 verbose cli   'patch' ]
2 info using npm@3.6.0
3 info using node@v5.7.0
4 info git [ 'status', '--porcelain' ]
5 info lifecycle forked@0.0.5~preversion: forked@0.0.5
6 silly lifecycle forked@0.0.5~preversion: no script for preversion, continuing
7 verbose version.write data { name: 'forked',
7 verbose version.write   version: '0.0.5',
7 verbose version.write   description: 'fork from the command line',
7 verbose version.write   main: 'dist/main.js',
7 verbose version.write   repository: { type: 'git', url: 'http://github.com/eanplatter/forked' },
7 verbose version.write   bin: { fork: 'dist/index.js' },
7 verbose version.write   scripts:
7 verbose version.write    { build: 'babel index.js -d dist',
7 verbose version.write      dev: 'nodemon --exec "npm start --silent" --watch index.js',
7 verbose version.write      prebuild: 'rimraf dist',
7 verbose version.write      prestart: 'npm run build --silent',
7 verbose version.write      start: 'node dist/index.js' },
7 verbose version.write   author: 'Ean Platter <eanplatter@gmail.com> (eanplatter.github.io)',
7 verbose version.write   license: 'MIT',
7 verbose version.write   preferGlobal: true,
7 verbose version.write   dependencies:
7 verbose version.write    { 'babel-cli': '^6.6.5',
7 verbose version.write      'babel-core': '^6.7.4',
7 verbose version.write      'babel-preset-es2015': '^6.6.0',
7 verbose version.write      'babel-preset-stage-1': '^6.5.0',
7 verbose version.write      github: '^0.2.4',
7 verbose version.write      'github-url-parse': '^0.1.0',
7 verbose version.write      rimraf: '^2.5.2',
7 verbose version.write      shelljs: '^0.6.0' } } to package.json
8 info lifecycle forked@0.0.5~version: forked@0.0.5
9 silly lifecycle forked@0.0.5~version: no script for version, continuing
10 info git [ 'add', '/Users/ean/Documents/packages/forked/package.json' ]
11 info git [ 'commit', '-m', '0.0.5' ]
12 info git [ 'tag', 'v0.0.5', '-am', '0.0.5' ]
13 verbose stack Error: Command failed: git tag v0.0.5 -am 0.0.5
13 verbose stack fatal: tag 'v0.0.5' already exists
13 verbose stack
13 verbose stack     at ChildProcess.exithandler (child_process.js:202:12)
13 verbose stack     at emitTwo (events.js:100:13)
13 verbose stack     at ChildProcess.emit (events.js:185:7)
13 verbose stack     at maybeClose (internal/child_process.js:827:16)
13 verbose stack     at Process.ChildProcess._handle.onexit (internal/child_process.js:211:5)
14 verbose cwd /Users/ean/Documents/packages/forked
15 error Darwin 15.3.0
16 error argv "/usr/local/Cellar/node/5.7.0/bin/node" "/usr/local/bin/npm" "version" "patch"
17 error node v5.7.0
18 error npm  v3.6.0
19 error code 128
20 error Command failed: git tag v0.0.5 -am 0.0.5
20 error fatal: tag 'v0.0.5' already exists
21 error If you need help, you may report this error at:
21 error     <https://github.com/npm/npm/issues>
22 verbose exit [ 1, true ]
